<?xml version="1.0" encoding="UTF-8"?>
<!-- Generated by org.testng.reporters.JUnitReportReporter -->
<testsuite hostname="Usha-PC" failures="0" tests="3" name="com.crm.qa.testcases.HomePageTest" time="62.586" errors="0" timestamp="2021-08-26T12:22:09 IST" skipped="0">
  <testcase classname="com.crm.qa.testcases.HomePageTest" name="verifyHomePagetitle" time="18.623"/>
  <system-out/>
  <testcase classname="com.crm.qa.testcases.HomePageTest" name="verifyLoggedInUser" time="19.919"/>
  <system-out/>
  <testcase classname="com.crm.qa.testcases.HomePageTest" name="verifyContactPageLink" time="24.044"/>
  <system-out/>
</testsuite> <!-- com.crm.qa.testcases.HomePageTest -->
