<?xml version="1.0" encoding="UTF-8"?>
<!-- Generated by org.testng.reporters.JUnitReportReporter -->
<testsuite hostname="Usha-PC" failures="0" tests="3" name="com.crm.qa.testcases.LoginPageTest" time="53.833" errors="0" timestamp="2021-08-26T14:08:35 IST" skipped="0">
  <testcase classname="com.crm.qa.testcases.LoginPageTest" name="loginPageTitleTest" time="16.163"/>
  <system-out/>
  <testcase classname="com.crm.qa.testcases.LoginPageTest" name="crmLogoImageTest" time="14.004"/>
  <system-out/>
  <testcase classname="com.crm.qa.testcases.LoginPageTest" name="loginTest" time="23.666"/>
  <system-out/>
</testsuite> <!-- com.crm.qa.testcases.LoginPageTest -->
